# JRE version: OpenJDK Runtime Environment (8.0_242-b01) (build 1.8.0_242-release-1644-b01)
# Java VM: OpenJDK 64-Bit Server VM (25.242-b01 mixed mode windows-amd64 compressed oops)
Heap:
 PSYoungGen      total 137216K, used 115632K [0x00000000d5580000, 0x00000000e1e80000, 0x0000000100000000)
  eden space 125952K, 91% used [0x00000000d5580000,0x00000000dc66c310,0x00000000dd080000)
  from space 11264K, 0% used [0x00000000dd080000,0x00000000dd080000,0x00000000ddb80000)
  to   space 12800K, 0% used [0x00000000e1200000,0x00000000e1200000,0x00000000e1e80000)
 ParOldGen       total 71680K, used 17376K [0x0000000080000000, 0x0000000084600000, 0x00000000d5580000)
  object space 71680K, 24% used [0x0000000080000000,0x00000000810f81b8,0x0000000084600000)
 Metaspace       used 38816K, capacity 40514K, committed 40792K, reserved 1085440K
  class space    used 5342K, capacity 5699K, committed 5760K, reserved 1048576K
GC Heap History (10 events):
Event: 6.121 GC heap before
{Heap before GC invocations=7 (full 0):
 PSYoungGen      total 74240K, used 10767K [0x00000000d5580000, 0x00000000daa80000, 0x0000000100000000)
  eden space 64512K, 3% used [0x00000000d5580000,0x00000000d578cd70,0x00000000d9480000)
  from space 9728K, 89% used [0x00000000d9f00000,0x00000000da777240,0x00000000da880000)
  to   space 10752K, 0% used [0x00000000d9480000,0x00000000d9480000,0x00000000d9f00000)
 ParOldGen       total 86016K, used 6313K [0x0000000080000000, 0x0000000085400000, 0x00000000d5580000)
  object space 86016K, 7% used [0x0000000080000000,0x000000008062a608,0x0000000085400000)
 Metaspace       used 20489K, capacity 21204K, committed 21248K, reserved 1067008K
  class space    used 2856K, capacity 3048K, committed 3072K, reserved 1048576K
Event: 6.129 GC heap after
Heap after GC invocations=7 (full 0):
 PSYoungGen      total 75264K, used 3652K [0x00000000d5580000, 0x00000000de880000, 0x0000000100000000)
  eden space 64512K, 0% used [0x00000000d5580000,0x00000000d5580000,0x00000000d9480000)
  from space 10752K, 33% used [0x00000000d9480000,0x00000000d9811050,0x00000000d9f00000)
  to   space 10752K, 0% used [0x00000000dde00000,0x00000000dde00000,0x00000000de880000)
 ParOldGen       total 86016K, used 8753K [0x0000000080000000, 0x0000000085400000, 0x00000000d5580000)
  object space 86016K, 10% used [0x0000000080000000,0x000000008088c658,0x0000000085400000)
 Metaspace       used 20489K, capacity 21204K, committed 21248K, reserved 1067008K
  class space    used 2856K, capacity 3048K, committed 3072K, reserved 1048576K
}
Event: 6.129 GC heap before
{Heap before GC invocations=8 (full 1):
 PSYoungGen      total 75264K, used 3652K [0x00000000d5580000, 0x00000000de880000, 0x0000000100000000)
  eden space 64512K, 0% used [0x00000000d5580000,0x00000000d5580000,0x00000000d9480000)
  from space 10752K, 33% used [0x00000000d9480000,0x00000000d9811050,0x00000000d9f00000)
  to   space 10752K, 0% used [0x00000000dde00000,0x00000000dde00000,0x00000000de880000)
 ParOldGen       total 86016K, used 8753K [0x0000000080000000, 0x0000000085400000, 0x00000000d5580000)
  object space 86016K, 10% used [0x0000000080000000,0x000000008088c658,0x0000000085400000)
 Metaspace       used 20489K, capacity 21204K, committed 21248K, reserved 1067008K
  class space    used 2856K, capacity 3048K, committed 3072K, reserved 1048576K
Event: 6.186 GC heap after
Heap after GC invocations=8 (full 1):
 PSYoungGen      total 75264K, used 0K [0x00000000d5580000, 0x00000000de880000, 0x0000000100000000)
  eden space 64512K, 0% used [0x00000000d5580000,0x00000000d5580000,0x00000000d9480000)
  from space 10752K, 0% used [0x00000000d9480000,0x00000000d9480000,0x00000000d9f00000)
  to   space 10752K, 0% used [0x00000000dde00000,0x00000000dde00000,0x00000000de880000)
 ParOldGen       total 47616K, used 6684K [0x0000000080000000, 0x0000000082e80000, 0x00000000d5580000)
  object space 47616K, 14% used [0x0000000080000000,0x0000000080687250,0x0000000082e80000)
 Metaspace       used 20489K, capacity 21204K, committed 21248K, reserved 1067008K
  class space    used 2856K, capacity 3048K, committed 3072K, reserved 1048576K
}
Event: 7.831 GC heap before
{Heap before GC invocations=9 (full 1):
 PSYoungGen      total 75264K, used 64512K [0x00000000d5580000, 0x00000000de880000, 0x0000000100000000)
  eden space 64512K, 100% used [0x00000000d5580000,0x00000000d9480000,0x00000000d9480000)
  from space 10752K, 0% used [0x00000000d9480000,0x00000000d9480000,0x00000000d9f00000)
  to   space 10752K, 0% used [0x00000000dde00000,0x00000000dde00000,0x00000000de880000)
 ParOldGen       total 47616K, used 6684K [0x0000000080000000, 0x0000000082e80000, 0x00000000d5580000)
  object space 47616K, 14% used [0x0000000080000000,0x0000000080687250,0x0000000082e80000)
 Metaspace       used 28459K, capacity 29354K, committed 29568K, reserved 1075200K
  class space    used 3929K, capacity 4159K, committed 4224K, reserved 1048576K
Event: 7.844 GC heap after
Heap after GC invocations=9 (full 1):
 PSYoungGen      total 128512K, used 8220K [0x00000000d5580000, 0x00000000de680000, 0x0000000100000000)
  eden space 119808K, 0% used [0x00000000d5580000,0x00000000d5580000,0x00000000dca80000)
  from space 8704K, 94% used [0x00000000dde00000,0x00000000de6073d0,0x00000000de680000)
  to   space 11264K, 0% used [0x00000000dd080000,0x00000000dd080000,0x00000000ddb80000)
 ParOldGen       total 47616K, used 6692K [0x0000000080000000, 0x0000000082e80000, 0x00000000d5580000)
  object space 47616K, 14% used [0x0000000080000000,0x0000000080689250,0x0000000082e80000)
 Metaspace       used 28459K, capacity 29354K, committed 29568K, reserved 1075200K
  class space    used 3929K, capacity 4159K, committed 4224K, reserved 1048576K
}
Event: 9.812 GC heap before
{Heap before GC invocations=10 (full 1):
 PSYoungGen      total 128512K, used 102480K [0x00000000d5580000, 0x00000000de680000, 0x0000000100000000)
  eden space 119808K, 78% used [0x00000000d5580000,0x00000000db18cd98,0x00000000dca80000)
  from space 8704K, 94% used [0x00000000dde00000,0x00000000de6073d0,0x00000000de680000)
  to   space 11264K, 0% used [0x00000000dd080000,0x00000000dd080000,0x00000000ddb80000)
 ParOldGen       total 47616K, used 6692K [0x0000000080000000, 0x0000000082e80000, 0x00000000d5580000)
  object space 47616K, 14% used [0x0000000080000000,0x0000000080689250,0x0000000082e80000)
 Metaspace       used 34189K, capacity 35392K, committed 35416K, reserved 1079296K
  class space    used 4695K, capacity 4973K, committed 4992K, reserved 1048576K
Event: 9.846 GC heap after
Heap after GC invocations=10 (full 1):
 PSYoungGen      total 137216K, used 11257K [0x00000000d5580000, 0x00000000e1e80000, 0x0000000100000000)
  eden space 125952K, 0% used [0x00000000d5580000,0x00000000d5580000,0x00000000dd080000)
  from space 11264K, 99% used [0x00000000dd080000,0x00000000ddb7e600,0x00000000ddb80000)
  to   space 12800K, 0% used [0x00000000e1200000,0x00000000e1200000,0x00000000e1e80000)
 ParOldGen       total 47616K, used 6700K [0x0000000080000000, 0x0000000082e80000, 0x00000000d5580000)
  object space 47616K, 14% used [0x0000000080000000,0x000000008068b250,0x0000000082e80000)
 Metaspace       used 34189K, capacity 35392K, committed 35416K, reserved 1079296K
  class space    used 4695K, capacity 4973K, committed 4992K, reserved 1048576K
}
Event: 9.846 GC heap before
{Heap before GC invocations=11 (full 2):
 PSYoungGen      total 137216K, used 11257K [0x00000000d5580000, 0x00000000e1e80000, 0x0000000100000000)
  eden space 125952K, 0% used [0x00000000d5580000,0x00000000d5580000,0x00000000dd080000)
  from space 11264K, 99% used [0x00000000dd080000,0x00000000ddb7e600,0x00000000ddb80000)
  to   space 12800K, 0% used [0x00000000e1200000,0x00000000e1200000,0x00000000e1e80000)
 ParOldGen       total 47616K, used 6700K [0x0000000080000000, 0x0000000082e80000, 0x00000000d5580000)
  object space 47616K, 14% used [0x0000000080000000,0x000000008068b250,0x0000000082e80000)
 Metaspace       used 34189K, capacity 35392K, committed 35416K, reserved 1079296K
  class space    used 4695K, capacity 4973K, committed 4992K, reserved 1048576K
Event: 9.996 GC heap after
Heap after GC invocations=11 (full 2):
 PSYoungGen      total 137216K, used 0K [0x00000000d5580000, 0x00000000e1e80000, 0x0000000100000000)
  eden space 125952K, 0% used [0x00000000d5580000,0x00000000d5580000,0x00000000dd080000)
  from space 11264K, 0% used [0x00000000dd080000,0x00000000dd080000,0x00000000ddb80000)
  to   space 12800K, 0% used [0x00000000e1200000,0x00000000e1200000,0x00000000e1e80000)
 ParOldGen       total 71680K, used 17376K [0x0000000080000000, 0x0000000084600000, 0x00000000d5580000)
  object space 71680K, 24% used [0x0000000080000000,0x00000000810f81b8,0x0000000084600000)
 Metaspace       used 34189K, capacity 35392K, committed 35416K, reserved 1079296K
  class space    used 4695K, capacity 4973K, committed 4992K, reserved 1048576K
}

